<?xml version="1.0" encoding="UTF-8"?>
<!-- Generated by org.testng.reporters.JUnitReportReporter -->
<testsuite hostname="DESKTOP-83CO59R" failures="0" tests="1" name="com.banking.testcases.TestCaseLogin" time="3.727" errors="0" timestamp="2021-09-28T13:27:54 BDT" skipped="0">
  <testcase classname="com.banking.testcases.TestCaseLogin" name="loginTest" time="3.727"/>
  <system-out/>
</testsuite> <!-- com.banking.testcases.TestCaseLogin -->
